\BOOKMARK [0][-]{chapter*.2}{Approval Letter}{}% 1
\BOOKMARK [0][-]{chapter*.3}{Abstract}{}% 2
\BOOKMARK [0][-]{chapter*.4}{Acknowledgment}{}% 3
\BOOKMARK [0][-]{chapter*.8}{List of Abbreviations}{}% 4
\BOOKMARK [0][-]{chapter*.9}{List of Symbols}{}% 5
\BOOKMARK [0][-]{chapter.1}{Introduction}{}% 6
\BOOKMARK [1][-]{section.1.1}{Background}{chapter.1}% 7
\BOOKMARK [1][-]{section.1.2}{Problem Statement}{chapter.1}% 8
\BOOKMARK [1][-]{section.1.3}{Objectives}{chapter.1}% 9
\BOOKMARK [0][-]{chapter.2}{Figures and Tables}{}% 10
\BOOKMARK [1][-]{section.2.1}{Section for Sample Figure}{chapter.2}% 11
\BOOKMARK [2][-]{subsection.2.1.1}{Referring Figure}{section.2.1}% 12
\BOOKMARK [1][-]{section.2.2}{Section for Sample Table}{chapter.2}% 13
\BOOKMARK [2][-]{subsection.2.2.1}{Referring Table}{section.2.2}% 14
\BOOKMARK [1][-]{section.2.3}{Complex Table from Excel}{chapter.2}% 15
\BOOKMARK [0][-]{chapter.3}{Equations}{}% 16
\BOOKMARK [1][-]{section.3.1}{Basics of Equations}{chapter.3}% 17
\BOOKMARK [1][-]{section.3.2}{Referencing the Equation}{chapter.3}% 18
\BOOKMARK [0][-]{chapter.4}{Listing Examples}{}% 19
\BOOKMARK [1][-]{section.4.1}{The Subsections}{chapter.4}% 20
\BOOKMARK [0][-]{chapter.5}{Example abbr and symbols}{}% 21
\BOOKMARK [1][-]{section.5.1}{Abbr}{chapter.5}% 22
\BOOKMARK [1][-]{section.5.2}{Symbols}{chapter.5}% 23
\BOOKMARK [0][-]{chapter.6}{Citation Example}{}% 24
\BOOKMARK [1][-]{section.6.1}{Citation and compiling bib file}{chapter.6}% 25
\BOOKMARK [0][-]{Item.33}{References}{}% 26
\BOOKMARK [0][-]{chapter*.14}{Appendix}{}% 27
